<?xml version="1.0" encoding="UTF-8"?>
<TestRun id="7b294b5f-becf-4e54-b69a-3d2fd9fd7109" name="Administrator@PC-201412010945 2015-11-25 16:06:42" runUser="PC-201412010945\Administrator" xmlns="http://microsoft.com/schemas/VisualStudio/TeamTest/2010">
  <TestSettings name="本地" id="3751e882-1703-4578-8232-c6772e0cd4f1">
    <Description>这些设置为本地测试运行的默认测试设置。</Description>
    <Deployment enabled="false" runDeploymentRoot="Administrator_PC-201412010945 2015-11-25 16_06_42">
      <DeploymentItem filename="F:\WorkSpace\wms\Interface\wms_transmitter\DLL\IBatisNet.Common.Logging.Log4Net.dll" />
      <DeploymentItem filename="F:\WorkSpace\wms\Interface\wms_transmitter\DLL\IBatisNet.Common.dll" />
      <DeploymentItem filename="F:\WorkSpace\wms\Interface\wms_transmitter\DLL\MySql.Data.dll" />
      <DeploymentItem filename="F:\WorkSpace\wms\Interface\wms_transmitter\DLL\log4net.dll" />
      <DeploymentItem filename="F:\WorkSpace\wms\Interface\wms_transmitter\DLL\Tesla.Net.HttpServer.dll" />
      <DeploymentItem filename="F:\WorkSpace\wms\Interface\wms_transmitter\wms_transmitter\bin\Debug\wms_transmitter.exe" />
      <DeploymentItem filename="F:\WorkSpace\wms\Interface\wms_transmitter\DLL\IBatisNet.DataMapper.dll" />
      <DeploymentItem filename="F:\WorkSpace\wms\Interface\wms_transmitter\DLL\Newtonsoft.Json.dll" />
      <DeploymentItem filename="F:\WorkSpace\wms\Interface\wms_transmitter\DLL\Oracle.DataAccess.dll" />
    </Deployment>
    <Execution>
      <TestTypeSpecific />
      <AgentRule name="Execution Agents">
      </AgentRule>
    </Execution>
  </TestSettings>
  <Times creation="2015-11-25T16:06:42.8297895+08:00" queuing="2015-11-25T16:06:48.5195680+08:00" start="2015-11-25T16:06:48.6446498+08:00" finish="2015-11-25T16:07:09.0982280+08:00" />
  <ResultSummary outcome="Error">
    <Counters total="1" error="0" failed="0" timeout="0" aborted="0" inconclusive="0" passedButRunAborted="0" notRunnable="0" notExecuted="1" disconnected="0" warning="0" passed="0" completed="0" inProgress="0" pending="0" />
    <RunInfos>
      <RunInfo computerName="PC-201412010945" outcome="Error" timestamp="2015-11-25T16:07:09.0972272+08:00">
        <Text>测试宿主进程意外退出。</Text>
      </RunInfo>
    </RunInfos>
  </ResultSummary>
  <TestDefinitions>
    <UnitTest name="TestMethod1" storage="f:\workspace\wms\interface\wms_transmitter\testproject1\bin\debug\testproject1.dll" id="5a4b6b74-1cd2-9f00-afb5-6d16b038af53">
      <Execution id="92c718b1-36fc-431d-9ad5-a858f89644ce" />
      <TestMethod codeBase="F:/WorkSpace/wms/Interface/wms_transmitter/TestProject1/bin/Debug/TestProject1.DLL" adapterTypeName="Microsoft.VisualStudio.TestTools.TestTypes.Unit.UnitTestAdapter, Microsoft.VisualStudio.QualityTools.Tips.UnitTest.Adapter, Version=10.0.0.0, Culture=neutral, PublicKeyToken=b03f5f7f11d50a3a" className="HttpTestProject.HttpTest, TestProject1, Version=1.0.0.0, Culture=neutral, PublicKeyToken=null" name="TestMethod1" />
    </UnitTest>
  </TestDefinitions>
  <TestLists>
    <TestList name="列表中未列出的结果" id="8c84fa94-04c1-424b-9868-57a2d4851a1d" />
    <TestList name="所有已加载的结果" id="19431567-8539-422a-85d7-44ee4e166bda" />
  </TestLists>
  <TestEntries>
    <TestEntry testId="5a4b6b74-1cd2-9f00-afb5-6d16b038af53" executionId="92c718b1-36fc-431d-9ad5-a858f89644ce" testListId="8c84fa94-04c1-424b-9868-57a2d4851a1d" />
  </TestEntries>
  <Results>
    <UnitTestResult executionId="92c718b1-36fc-431d-9ad5-a858f89644ce" testId="5a4b6b74-1cd2-9f00-afb5-6d16b038af53" testName="TestMethod1" computerName="PC-201412010945" testType="13cdc9d9-ddb5-4fa4-a97d-d965ccfc6d4b" outcome="NotExecuted" testListId="8c84fa94-04c1-424b-9868-57a2d4851a1d" relativeResultsDirectory="92c718b1-36fc-431d-9ad5-a858f89644ce">
    </UnitTestResult>
  </Results>
</TestRun>